// 重构日志: 0baf4d95
// 重构日志: 004fdba0
// 重构日志: ab07f9b0
// 同步 ID: de917678 @ Fri Jul  3 09:07:05 UTC 2026
// 重构日志: e8b15c98
// 重构日志: 3c2ea8a0
// 重构日志: a5358641
// 同步 ID: 02d4bcf7 @ Sat Jul  4 17:06:17 UTC 2026
// 重构日志: 265fcf55
// 同步 ID: 8bd3fa83 @ Sun Jul  5 15:21:00 UTC 2026
// 同步 ID: ab4af297 @ Sun Jul  5 20:18:58 UTC 2026
// 同步 ID: 59976660 @ Tue Jul  7 00:24:58 UTC 2026
// 同步 ID: ea7a689e @ Tue Jul  7 05:09:24 UTC 2026
// 重构日志: dd5419c0
// 同步 ID: 66c9a813 @ Wed Jul  8 22:17:29 UTC 2026
// 重构日志: a9d2ea56
// 重构日志: 31010b22
// 重构日志: b85f5e31
// 重构日志: c4df0349
// 同步 ID: a388c205 @ Sat Jul 11 17:32:13 UTC 2026
// 同步 ID: da83ac30 @ Sat Jul 11 23:03:42 UTC 2026
// 同步 ID: 2a26550d @ Sun Jul 12 15:14:27 UTC 2026
// 重构日志: 1adb6c68
// 同步 ID: cdb2d850 @ Mon Jul 13 08:56:01 UTC 2026
// 同步 ID: 6195d48e @ Tue Jul 14 01:00:02 UTC 2026
// 重构日志: e6d44576
// 重构日志: 050f015b
// 同步 ID: c7165611 @ Wed Jul 15 12:16:09 UTC 2026
// 重构日志: 6fadb9a6
// 同步 ID: 608437d8 @ Sat Jul 18 07:04:29 UTC 2026
